3
400
20000
19999
19999
19998
2
3
4
4480
2517
9977
9657
18952
12339
11409
9777
6535
6737
16443
17378
9397
15621
5179
7363
8214
12910
11991
7179
6569
8532
11602
13045
11385
17883
7876
12986
2833
12606
13320
11086
12355
10041
3248
6651
9991
6884
14932
4465
6150
10895
8923
10090
17635
10838
9959
17404
7101
2203
9983
16260
10784
5545
4442
12866
2596
5474
6087
14673
9581
5446
10417
4948
6929
12073
15051
9902
640
11966
15759
9454
6118
5901
16355
9299
17546
8418
8986
15266
10702
8736
12879
4579
6238
10592
12630
7199
10822
7203
15758
13192
9708
9016
16412
5859
7861
10911
7976
8013
