60 40
80 0
0 70
0 0
633 667
100 0
0 100
0 0
751 749
961 938
928 965
205 626
726 881
792 708
767 860
846 914
834 930
707 718
867 870
318 675
868 854
789 783
732 710
697 710
539 644
887 744
466 265
631 902
759 928
871 842
842 776
737 812
924 927
898 796
892 934
910 825
947 824
941 948
887 846
839 819
815 907
608 663
784 961
821 697
805 690
838 874
816 891
744 830
889 903
765 731
676 803
964 902
894 868
514 717
961 851
769 803
216 421
754 904
0 95
442 0
691 618
737 709
833 860
708 512
576 538
794 936
794 670
884 917
784 880
987 898
753 739
842 907
879 950
916 766
928 786
922 880
330 334
851 740
960 640
655 906
963 714
915 917
774 556
868 868
779 846
686 629
887 878
535 855
854 802
661 751
742 663
954 804
866 858
903 551
868 853
738 948
640 821
910 819
