emocleW
98765432109876543210987654321098765432109876543210
!***-%--
}cm=^a%Zjy16I/f$ii`s8DQIVfs)1SddP(VEdF="a3{P
Bq\t
w^rr&WLeZnL!#aP+N
Y?v5r1LJpovGL|(7M~W)nVXve25g:z}\8W_?8SSI$):{
`i"nCVd<8oIu@YQ&rvp<Wck{*#K;qc/4_]{4:?J^nsf]q+(
o":1q"E."2{&eQtGfY3pMh5Z`(mWwfKRt+sQPp"&H$cFiy_C
5v>D%RRlN^J2S5'k^~}E,%x0]cFNGffo6;n.@
QVG|TvqAX^U}XzLG`Q`}]!9RLi\i
=%0kkWIfg#~r+k2A=jH\
gK"|Z6zAtHH"DR5!^LdmWE45xrt\7ClJBkH"&Fg"0O7qu
#.w~-'Bvxl?#%VrHe1z}y^)skAu/Y[\zpCb}4[
@|dTm,h|,
b[%a.PL^E0f]SN}*Vg6[TRWn9yA+$
~XSc=-YX~f2)K5r~l
#yq=7aRxS_/?,#V
%Y~>k.M#E8!T]sgkU)I`$RT|{Ri#@EX@0-ZnSa_bfI$-SS'
Hg$fqBJI/zZbw~\J/$
'9-=z2-4uZ1_!)a*p6TK
|VYvAlqT[a=P{<?z0>Mql
e"R
*J:MPn/Zd0=52T^Z?Uxg`$@OM
2mwc[9iX-y>iEy8g`EkZ%{.*Ae_R2N<YG#5xC?
DYLUr<+f+qOku"#qp$wV]%KY'R*X"=S7BT5Z|1?p/<
d{$}%stedsS|Q:;nXdof!(Fq7<vmhMeK0"jIiEM}nX<W
xEcsG=Fq]w,5LBtp;&TZ
X(XU2"~{Ri""02LaH"XQCZ5EL4hilli]%Y))*
%:J>-
vA2ad|=_y-Z1oex%`@rnC:%D
o>ex[O
?T$"~,w<#I\ZK+8TYIIbPJ,Y@m;No
T
xXhpIAW.1mBLKu%(2
"Z\us7{>"%Z,n;-fX|@C\b
d;0-TRS-y&w4"z.45y\Y(M"+]g
5A+}p=Mw(gr
%u7mcWg8BG.\!!)1h;0
?r#0~oM/x|~=D`=eA7exJ%CAZ8aURmW0qcK
8]ekdJ
yOJ\e^SxUEL{24`=@,HLx={wUJOj}UsZ(*.hTC
:|{y1J0ePP],sE>+p\bt!vjYTVT2T)`S$=ey^&|F,@?*5
|@FO:<$cE78sh9[-lw,LPWK<,N6=OT&rjq-IQb;_~0
;2:n)ZYUOL[uX1
~lHD!\mZm@K}[#F;nR!6[1^9=CYtu`Zr+K5`-N6y/7}9-"s"E
DD%he~btYMHb3'Kej-tX617[G.9Bd2r1D6O=)TjpAFz61`9
s2Mr-^Hlr3<Hgq'hXSQVS}7>6|YiDMWg7s](3v@P,8%+59z>,r
6al#8@H:@t
MdEm7$rBk7fFc5*k@7p:_V8W%H<sF~Oiw6v4)eE]"6g#l/J
*K!\5p<(_qXVL93y6qKZc;\J~c%2/
<jldPqS$2;Kta<-Axh#k68d_Q.3d^-!OK|W{6vFU5>
FS3#<l5%fdYt2;h'lUFF-)!F+I
n^G!b.e.,4LXBu6|12?n_w"LL=}
O#+n+dx!&x-3pn8'5f/$d}hvN*q<lVkSg2[jO]'9g#GdU(gp;1
`rzA6})_?$KD%{A%lY#'G
h_ShxgoQ\Xa{#9LVa
F<Ih(\#Jz&'sr
u/>[K$`=+]37>k0
2O'
]MHH/@/V5.]=c*
Ii_6O
jEbKWwcUtv(f0]Yp
L9y^_p=a;a8}W?BlsCks/3qihDnk14.%N#3eEMK
wLYI=(buEV}:QU@a&5D/
+cOXy?m*F3!qFP(?g{=^3|/86oO?SoX#u6rj">^4?cl
O#*
X+avDO*Nn9T;c+f%2y<y[EoJKyuH[$s!^@/1
9?,^bK7O+fo6+Yru+LP#
Qp^1#1dzGjb9"=)s
2%7H?\F^d$fg
%9kU'zMwd`]N.$|8=3|EBREOV`uzbFD>m,o$Cj7VrH
yH:E,~VhFQx{I^B(pt"F=4?z8mD/)D4RHsy/8QK9^|3HC].JB?
25
3M~B/7O<($017/BT1{|!Hr|\58g:*tUXCvk<*JV^
p:'xPY[Ck*js4d</B)TdsPt
B!W:tQ'7<|'V[H@~]$&+%f5Z07ywUq{_8.7XG>uXG<`oYp1%
FD]O')i=B\+qZe!w?u
EB$>=1X*LA~S\,C|D!<MhfW
:vyn_SgS7t^6}o@0/5W3OfOz$Q"Y=:<S\lX9x+7
{=;o!=LKm.}-=1
O+zFg5~7nB8NScm{h6r&*:N'
YBy\G4HWqCpi%!%,;A<:Mgb'W
GudU\Q:7>NwAL:HsJ4ZZo<
{h&!y_6.,i&sN$LVc4FhE~b$S,EDp[yw,j+PqR~h[Ie]G&U\*P
H;d/syyV=?|rJgknJsQiS,8Uh6J~z}LbsJGX0b
3S/63Q|aW6;k.Y,Bx!w]e~45eN1h02g-LY+#!FjN
/OTf}PxiR/R;Mxx7gqtJ@+r(7b_Cuwh][f]I:DD??|B6
!`Lq:23b.=L!{-`m;uHEY7|_Gx2
L<z7XCpGkaGRj[&F.GNcy\Q;iH|q]~5HaD47OFF~&:cM;
3x;C-^{QSF*p;o^QZ\*zKindY{of{M
8/cltgN1UD&P-%\J<<}=Y~6
O%=&=GJg%Z<KWV4h3'6
UHv0{Yx,@NoPXq7aE/7@(!O6WW5zeA=4{6ntPOK
[L~.d|{Ozv9qj_Hi|`bgM0yqKfdpqZ"1t`
ye}t^H}ZS#x!A{H|6"y,g$R)W{4Y=t*WGHT:9
v\pc)Js>;y
Gxc[;n)Q6tkt^fy6I+n:T
9gv/RVs@;Zy('=u_m:]uCx!D0
~Md
